生成启动时间为 2021/6/3 22:39:26。
     1>项目“D:\code\ClassesAndObjects_3\ClassesAndObjects_3\ClassesAndObjects_3.vcxproj”在节点 2 上(Build 个目标)。
     1>ClCompile:
         C:\Program Files (x86)\Microsoft Visual Studio 12.0\VC\bin\CL.exe /c /ZI /nologo /W3 /WX- /sdl /Od /Oy- /D _MBCS /Gm /EHsc /RTC1 /MDd /GS /fp:precise /Zc:wchar_t /Zc:forScope /Fo"Debug\\" /Fd"Debug\vc120.pdb" /Gd /TP /analyze- /errorReport:prompt test.cpp
         test.cpp
     1>d:\code\classesandobjects_3\classesandobjects_3\test.cpp(189): error C2248: “Time::Date::_year”: 无法访问 private 成员(在“Time::Date”类中声明)
                 d:\code\classesandobjects_3\classesandobjects_3\test.cpp(177) : 参见“Time::Date::_year”的声明
                 d:\code\classesandobjects_3\classesandobjects_3\test.cpp(161) : 参见“Time::Date”的声明
     1>d:\code\classesandobjects_3\classesandobjects_3\test.cpp(190): error C2248: “Time::Date::_month”: 无法访问 private 成员(在“Time::Date”类中声明)
                 d:\code\classesandobjects_3\classesandobjects_3\test.cpp(178) : 参见“Time::Date::_month”的声明
                 d:\code\classesandobjects_3\classesandobjects_3\test.cpp(161) : 参见“Time::Date”的声明
     1>d:\code\classesandobjects_3\classesandobjects_3\test.cpp(191): error C2248: “Time::Date::_day”: 无法访问 private 成员(在“Time::Date”类中声明)
                 d:\code\classesandobjects_3\classesandobjects_3\test.cpp(179) : 参见“Time::Date::_day”的声明
                 d:\code\classesandobjects_3\classesandobjects_3\test.cpp(161) : 参见“Time::Date”的声明
     1>已完成生成项目“D:\code\ClassesAndObjects_3\ClassesAndObjects_3\ClassesAndObjects_3.vcxproj”(Build 个目标)的操作 - 失败。

生成失败。

已用时间 00:00:00.34
